14:58:54 [INFO] 서버 실행 중.. 클라이언트의 메시지를 기다리는 중입니다.
15:00:35 [INFO] 수신 받은 메시지 : 안녕하세요 여기는 사용자 1입니다.
15:00:35 [INFO] 브로드캐스트 완료
15:01:00 [INFO] 수신 받은 메시지 : f{nickname} : {msg}
15:01:00 [INFO] 브로드캐스트 완료
15:03:09 [INFO] 서버 실행 중.. 클라이언트의 메시지를 기다리는 중입니다.
15:04:27 [INFO] 수신 받은 메시지 : f{nickname} : {msg}
15:04:27 [INFO] 브로드캐스트 완료
15:04:38 [INFO] 수신 받은 메시지 : 오 안녕! 여기는 사용자 1이야
15:04:38 [INFO] 브로드캐스트 완료
15:04:46 [INFO] 수신 받은 메시지 : f{nickname} : {msg}
15:04:46 [INFO] 브로드캐스트 완료
15:06:33 [INFO] 서버 실행 중.. 클라이언트의 메시지를 기다리는 중입니다.
15:07:49 [INFO] 수신 받은 메시지 : 안녕하세요!
15:07:49 [INFO] 브로드캐스트 완료
15:07:57 [INFO] 수신 받은 메시지 : 여기는 사용자 1 잘 들리나??
15:07:57 [INFO] 브로드캐스트 완료
15:08:05 [INFO] 수신 받은 메시지 : 여기는 사용자 2 잘 보인다!
15:08:05 [INFO] 브로드캐스트 완료
15:12:58 [INFO] 서버 실행 중.. 클라이언트의 메시지를 기다리는 중입니다.
15:13:52 [INFO] 수신 받은 메시지 : [USER2]   안녕 반가워!
15:13:52 [INFO] 브로드캐스트 완료
15:14:07 [INFO] 수신 받은 메시지 : [USER1]   반가워!
15:14:07 [INFO] 브로드캐스트 완료
15:40:37 [INFO] 서버 실행 중.. 클라이언트의 메시지를 기다리는 중입니다.
15:41:52 [INFO] 수신 받은 메시지 : [USER1]   안녕하세요! 사용자2입니다
15:41:52 [INFO] 브로드캐스트 완료
15:42:08 [INFO] 수신 받은 메시지 : [USER2]   아 안녕하세요 근데 그쪽에도 보이네요???
15:42:08 [INFO] 브로드캐스트 완료
15:42:47 [INFO] 수신 받은 메시지 : [USER2]   
15:42:47 [INFO] 브로드캐스트 완료
15:42:48 [INFO] 수신 받은 메시지 : [USER2]   
15:42:48 [INFO] 브로드캐스트 완료
15:42:51 [INFO] 수신 받은 메시지 : [USER2]   
15:42:51 [INFO] 브로드캐스트 완료
15:42:53 [INFO] 수신 받은 메시지 : [USER2]   
15:42:53 [INFO] 브로드캐스트 완료
